<?xml version="1.0" encoding="UTF-8"?>
<testsuite xmlns:xsi="http://www.w3.org/2001/XMLSchema-instance" xsi:noNamespaceSchemaLocation="https://maven.apache.org/surefire/maven-surefire-plugin/xsd/surefire-test-report.xsd" name="com.example.diet.DietApplicationTests" time="9.297" tests="1" errors="0" skipped="0" failures="0">
  <properties>
    <property name="sun.desktop" value="windows"/>
    <property name="awt.toolkit" value="sun.awt.windows.WToolkit"/>
    <property name="file.encoding.pkg" value="sun.io"/>
    <property name="java.specification.version" value="1.8"/>
    <property name="sun.cpu.isalist" value="amd64"/>
    <property name="sun.jnu.encoding" value="Cp1250"/>
    <property name="java.class.path" value="D:\Projekty_Intellij\!!!!PSS\diet\target\test-classes;D:\Projekty_Intellij\!!!!PSS\diet\target\classes;C:\Users\KRZYŚ\.m2\repository\org\springframework\boot\spring-boot-starter-data-jdbc\2.2.5.RELEASE\spring-boot-starter-data-jdbc-2.2.5.RELEASE.jar;C:\Users\KRZYŚ\.m2\repository\org\springframework\boot\spring-boot-starter-jdbc\2.2.5.RELEASE\spring-boot-starter-jdbc-2.2.5.RELEASE.jar;C:\Users\KRZYŚ\.m2\repository\com\zaxxer\HikariCP\3.4.2\HikariCP-3.4.2.jar;C:\Users\KRZYŚ\.m2\repository\org\springframework\data\spring-data-jdbc\1.1.5.RELEASE\spring-data-jdbc-1.1.5.RELEASE.jar;C:\Users\KRZYŚ\.m2\repository\org\springframework\data\spring-data-relational\1.1.5.RELEASE\spring-data-relational-1.1.5.RELEASE.jar;C:\Users\KRZYŚ\.m2\repository\org\springframework\boot\spring-boot-starter-data-jpa\2.2.5.RELEASE\spring-boot-starter-data-jpa-2.2.5.RELEASE.jar;C:\Users\KRZYŚ\.m2\repository\org\springframework\boot\spring-boot-starter-aop\2.2.5.RELEASE\spring-boot-starter-aop-2.2.5.RELEASE.jar;C:\Users\KRZYŚ\.m2\repository\org\aspectj\aspectjweaver\1.9.5\aspectjweaver-1.9.5.jar;C:\Users\KRZYŚ\.m2\repository\jakarta\activation\jakarta.activation-api\1.2.2\jakarta.activation-api-1.2.2.jar;C:\Users\KRZYŚ\.m2\repository\jakarta\persistence\jakarta.persistence-api\2.2.3\jakarta.persistence-api-2.2.3.jar;C:\Users\KRZYŚ\.m2\repository\jakarta\transaction\jakarta.transaction-api\1.3.3\jakarta.transaction-api-1.3.3.jar;C:\Users\KRZYŚ\.m2\repository\org\hibernate\hibernate-core\5.4.12.Final\hibernate-core-5.4.12.Final.jar;C:\Users\KRZYŚ\.m2\repository\org\jboss\logging\jboss-logging\3.4.1.Final\jboss-logging-3.4.1.Final.jar;C:\Users\KRZYŚ\.m2\repository\org\javassist\javassist\3.24.0-GA\javassist-3.24.0-GA.jar;C:\Users\KRZYŚ\.m2\repository\net\bytebuddy\byte-buddy\1.10.8\byte-buddy-1.10.8.jar;C:\Users\KRZYŚ\.m2\repository\antlr\antlr\2.7.7\antlr-2.7.7.jar;C:\Users\KRZYŚ\.m2\repository\org\jboss\jandex\2.1.1.Final\jandex-2.1.1.Final.jar;C:\Users\KRZYŚ\.m2\repository\org\dom4j\dom4j\2.1.1\dom4j-2.1.1.jar;C:\Users\KRZYŚ\.m2\repository\org\hibernate\common\hibernate-commons-annotations\5.1.0.Final\hibernate-commons-annotations-5.1.0.Final.jar;C:\Users\KRZYŚ\.m2\repository\org\glassfish\jaxb\jaxb-runtime\2.3.2\jaxb-runtime-2.3.2.jar;C:\Users\KRZYŚ\.m2\repository\org\glassfish\jaxb\txw2\2.3.2\txw2-2.3.2.jar;C:\Users\KRZYŚ\.m2\repository\com\sun\istack\istack-commons-runtime\3.0.8\istack-commons-runtime-3.0.8.jar;C:\Users\KRZYŚ\.m2\repository\org\jvnet\staxex\stax-ex\1.8.1\stax-ex-1.8.1.jar;C:\Users\KRZYŚ\.m2\repository\com\sun\xml\fastinfoset\FastInfoset\1.2.16\FastInfoset-1.2.16.jar;C:\Users\KRZYŚ\.m2\repository\org\springframework\spring-aspects\5.2.4.RELEASE\spring-aspects-5.2.4.RELEASE.jar;C:\Users\KRZYŚ\.m2\repository\org\springframework\boot\spring-boot-starter-web\2.2.5.RELEASE\spring-boot-starter-web-2.2.5.RELEASE.jar;C:\Users\KRZYŚ\.m2\repository\org\springframework\boot\spring-boot-starter\2.2.5.RELEASE\spring-boot-starter-2.2.5.RELEASE.jar;C:\Users\KRZYŚ\.m2\repository\org\springframework\boot\spring-boot\2.2.5.RELEASE\spring-boot-2.2.5.RELEASE.jar;C:\Users\KRZYŚ\.m2\repository\org\springframework\boot\spring-boot-autoconfigure\2.2.5.RELEASE\spring-boot-autoconfigure-2.2.5.RELEASE.jar;C:\Users\KRZYŚ\.m2\repository\org\springframework\boot\spring-boot-starter-logging\2.2.5.RELEASE\spring-boot-starter-logging-2.2.5.RELEASE.jar;C:\Users\KRZYŚ\.m2\repository\ch\qos\logback\logback-classic\1.2.3\logback-classic-1.2.3.jar;C:\Users\KRZYŚ\.m2\repository\ch\qos\logback\logback-core\1.2.3\logback-core-1.2.3.jar;C:\Users\KRZYŚ\.m2\repository\org\apache\logging\log4j\log4j-to-slf4j\2.12.1\log4j-to-slf4j-2.12.1.jar;C:\Users\KRZYŚ\.m2\repository\org\apache\logging\log4j\log4j-api\2.12.1\log4j-api-2.12.1.jar;C:\Users\KRZYŚ\.m2\repository\org\slf4j\jul-to-slf4j\1.7.30\jul-to-slf4j-1.7.30.jar;C:\Users\KRZYŚ\.m2\repository\jakarta\annotation\jakarta.annotation-api\1.3.5\jakarta.annotation-api-1.3.5.jar;C:\Users\KRZYŚ\.m2\repository\org\yaml\snakeyaml\1.25\snakeyaml-1.25.jar;C:\Users\KRZYŚ\.m2\repository\org\springframework\boot\spring-boot-starter-json\2.2.5.RELEASE\spring-boot-starter-json-2.2.5.RELEASE.jar;C:\Users\KRZYŚ\.m2\repository\com\fasterxml\jackson\core\jackson-databind\2.10.2\jackson-databind-2.10.2.jar;C:\Users\KRZYŚ\.m2\repository\com\fasterxml\jackson\core\jackson-core\2.10.2\jackson-core-2.10.2.jar;C:\Users\KRZYŚ\.m2\repository\com\fasterxml\jackson\datatype\jackson-datatype-jdk8\2.10.2\jackson-datatype-jdk8-2.10.2.jar;C:\Users\KRZYŚ\.m2\repository\com\fasterxml\jackson\datatype\jackson-datatype-jsr310\2.10.2\jackson-datatype-jsr310-2.10.2.jar;C:\Users\KRZYŚ\.m2\repository\com\fasterxml\jackson\module\jackson-module-parameter-names\2.10.2\jackson-module-parameter-names-2.10.2.jar;C:\Users\KRZYŚ\.m2\repository\org\springframework\boot\spring-boot-starter-tomcat\2.2.5.RELEASE\spring-boot-starter-tomcat-2.2.5.RELEASE.jar;C:\Users\KRZYŚ\.m2\repository\org\apache\tomcat\embed\tomcat-embed-core\9.0.31\tomcat-embed-core-9.0.31.jar;C:\Users\KRZYŚ\.m2\repository\org\apache\tomcat\embed\tomcat-embed-el\9.0.31\tomcat-embed-el-9.0.31.jar;C:\Users\KRZYŚ\.m2\repository\org\apache\tomcat\embed\tomcat-embed-websocket\9.0.31\tomcat-embed-websocket-9.0.31.jar;C:\Users\KRZYŚ\.m2\repository\org\springframework\boot\spring-boot-starter-validation\2.2.5.RELEASE\spring-boot-starter-validation-2.2.5.RELEASE.jar;C:\Users\KRZYŚ\.m2\repository\jakarta\validation\jakarta.validation-api\2.0.2\jakarta.validation-api-2.0.2.jar;C:\Users\KRZYŚ\.m2\repository\org\hibernate\validator\hibernate-validator\6.0.18.Final\hibernate-validator-6.0.18.Final.jar;C:\Users\KRZYŚ\.m2\repository\org\springframework\spring-webmvc\5.2.4.RELEASE\spring-webmvc-5.2.4.RELEASE.jar;C:\Users\KRZYŚ\.m2\repository\org\springframework\spring-expression\5.2.4.RELEASE\spring-expression-5.2.4.RELEASE.jar;C:\Users\KRZYŚ\.m2\repository\mysql\mysql-connector-java\8.0.19\mysql-connector-java-8.0.19.jar;C:\Users\KRZYŚ\.m2\repository\org\projectlombok\lombok\1.18.12\lombok-1.18.12.jar;C:\Users\KRZYŚ\.m2\repository\org\springframework\boot\spring-boot-starter-test\2.2.5.RELEASE\spring-boot-starter-test-2.2.5.RELEASE.jar;C:\Users\KRZYŚ\.m2\repository\org\springframework\boot\spring-boot-test\2.2.5.RELEASE\spring-boot-test-2.2.5.RELEASE.jar;C:\Users\KRZYŚ\.m2\repository\org\springframework\boot\spring-boot-test-autoconfigure\2.2.5.RELEASE\spring-boot-test-autoconfigure-2.2.5.RELEASE.jar;C:\Users\KRZYŚ\.m2\repository\com\jayway\jsonpath\json-path\2.4.0\json-path-2.4.0.jar;C:\Users\KRZYŚ\.m2\repository\net\minidev\json-smart\2.3\json-smart-2.3.jar;C:\Users\KRZYŚ\.m2\repository\net\minidev\accessors-smart\1.2\accessors-smart-1.2.jar;C:\Users\KRZYŚ\.m2\repository\org\ow2\asm\asm\5.0.4\asm-5.0.4.jar;C:\Users\KRZYŚ\.m2\repository\jakarta\xml\bind\jakarta.xml.bind-api\2.3.2\jakarta.xml.bind-api-2.3.2.jar;C:\Users\KRZYŚ\.m2\repository\org\junit\jupiter\junit-jupiter\5.5.2\junit-jupiter-5.5.2.jar;C:\Users\KRZYŚ\.m2\repository\org\junit\jupiter\junit-jupiter-api\5.5.2\junit-jupiter-api-5.5.2.jar;C:\Users\KRZYŚ\.m2\repository\org\apiguardian\apiguardian-api\1.1.0\apiguardian-api-1.1.0.jar;C:\Users\KRZYŚ\.m2\repository\org\opentest4j\opentest4j\1.2.0\opentest4j-1.2.0.jar;C:\Users\KRZYŚ\.m2\repository\org\junit\platform\junit-platform-commons\1.5.2\junit-platform-commons-1.5.2.jar;C:\Users\KRZYŚ\.m2\repository\org\junit\jupiter\junit-jupiter-params\5.5.2\junit-jupiter-params-5.5.2.jar;C:\Users\KRZYŚ\.m2\repository\org\junit\jupiter\junit-jupiter-engine\5.5.2\junit-jupiter-engine-5.5.2.jar;C:\Users\KRZYŚ\.m2\repository\org\junit\platform\junit-platform-engine\1.5.2\junit-platform-engine-1.5.2.jar;C:\Users\KRZYŚ\.m2\repository\org\mockito\mockito-junit-jupiter\3.1.0\mockito-junit-jupiter-3.1.0.jar;C:\Users\KRZYŚ\.m2\repository\org\assertj\assertj-core\3.13.2\assertj-core-3.13.2.jar;C:\Users\KRZYŚ\.m2\repository\org\hamcrest\hamcrest\2.1\hamcrest-2.1.jar;C:\Users\KRZYŚ\.m2\repository\org\mockito\mockito-core\3.1.0\mockito-core-3.1.0.jar;C:\Users\KRZYŚ\.m2\repository\net\bytebuddy\byte-buddy-agent\1.10.8\byte-buddy-agent-1.10.8.jar;C:\Users\KRZYŚ\.m2\repository\org\objenesis\objenesis\2.6\objenesis-2.6.jar;C:\Users\KRZYŚ\.m2\repository\org\skyscreamer\jsonassert\1.5.0\jsonassert-1.5.0.jar;C:\Users\KRZYŚ\.m2\repository\com\vaadin\external\google\android-json\0.0.20131108.vaadin1\android-json-0.0.20131108.vaadin1.jar;C:\Users\KRZYŚ\.m2\repository\org\springframework\spring-core\5.2.4.RELEASE\spring-core-5.2.4.RELEASE.jar;C:\Users\KRZYŚ\.m2\repository\org\springframework\spring-jcl\5.2.4.RELEASE\spring-jcl-5.2.4.RELEASE.jar;C:\Users\KRZYŚ\.m2\repository\org\springframework\spring-test\5.2.4.RELEASE\spring-test-5.2.4.RELEASE.jar;C:\Users\KRZYŚ\.m2\repository\org\xmlunit\xmlunit-core\2.6.3\xmlunit-core-2.6.3.jar;C:\Users\KRZYŚ\.m2\repository\org\springframework\data\spring-data-jpa\2.2.5.RELEASE\spring-data-jpa-2.2.5.RELEASE.jar;C:\Users\KRZYŚ\.m2\repository\org\springframework\data\spring-data-commons\2.2.5.RELEASE\spring-data-commons-2.2.5.RELEASE.jar;C:\Users\KRZYŚ\.m2\repository\org\springframework\spring-orm\5.2.4.RELEASE\spring-orm-5.2.4.RELEASE.jar;C:\Users\KRZYŚ\.m2\repository\org\springframework\spring-context\5.2.4.RELEASE\spring-context-5.2.4.RELEASE.jar;C:\Users\KRZYŚ\.m2\repository\org\springframework\spring-aop\5.2.4.RELEASE\spring-aop-5.2.4.RELEASE.jar;C:\Users\KRZYŚ\.m2\repository\org\springframework\spring-tx\5.2.4.RELEASE\spring-tx-5.2.4.RELEASE.jar;C:\Users\KRZYŚ\.m2\repository\org\springframework\spring-beans\5.2.4.RELEASE\spring-beans-5.2.4.RELEASE.jar;C:\Users\KRZYŚ\.m2\repository\org\aspectj\aspectjrt\1.9.5\aspectjrt-1.9.5.jar;C:\Users\KRZYŚ\.m2\repository\org\slf4j\slf4j-api\1.7.30\slf4j-api-1.7.30.jar;C:\Users\KRZYŚ\.m2\repository\org\springframework\spring-jdbc\5.2.4.RELEASE\spring-jdbc-5.2.4.RELEASE.jar;C:\Users\KRZYŚ\.m2\repository\org\springframework\spring-web\5.2.4.RELEASE\spring-web-5.2.4.RELEASE.jar;C:\Users\KRZYŚ\.m2\repository\org\springframework\boot\spring-boot-starter-security\2.2.6.RELEASE\spring-boot-starter-security-2.2.6.RELEASE.jar;C:\Users\KRZYŚ\.m2\repository\org\springframework\security\spring-security-config\5.2.2.RELEASE\spring-security-config-5.2.2.RELEASE.jar;C:\Users\KRZYŚ\.m2\repository\org\springframework\security\spring-security-core\5.2.2.RELEASE\spring-security-core-5.2.2.RELEASE.jar;C:\Users\KRZYŚ\.m2\repository\org\springframework\security\spring-security-web\5.2.2.RELEASE\spring-security-web-5.2.2.RELEASE.jar;C:\Users\KRZYŚ\.m2\repository\io\springfox\springfox-swagger2\2.9.2\springfox-swagger2-2.9.2.jar;C:\Users\KRZYŚ\.m2\repository\io\swagger\swagger-annotations\1.5.20\swagger-annotations-1.5.20.jar;C:\Users\KRZYŚ\.m2\repository\io\swagger\swagger-models\1.5.20\swagger-models-1.5.20.jar;C:\Users\KRZYŚ\.m2\repository\com\fasterxml\jackson\core\jackson-annotations\2.10.2\jackson-annotations-2.10.2.jar;C:\Users\KRZYŚ\.m2\repository\io\springfox\springfox-spi\2.9.2\springfox-spi-2.9.2.jar;C:\Users\KRZYŚ\.m2\repository\io\springfox\springfox-core\2.9.2\springfox-core-2.9.2.jar;C:\Users\KRZYŚ\.m2\repository\io\springfox\springfox-schema\2.9.2\springfox-schema-2.9.2.jar;C:\Users\KRZYŚ\.m2\repository\io\springfox\springfox-swagger-common\2.9.2\springfox-swagger-common-2.9.2.jar;C:\Users\KRZYŚ\.m2\repository\io\springfox\springfox-spring-web\2.9.2\springfox-spring-web-2.9.2.jar;C:\Users\KRZYŚ\.m2\repository\com\google\guava\guava\20.0\guava-20.0.jar;C:\Users\KRZYŚ\.m2\repository\com\fasterxml\classmate\1.5.1\classmate-1.5.1.jar;C:\Users\KRZYŚ\.m2\repository\org\springframework\plugin\spring-plugin-core\1.2.0.RELEASE\spring-plugin-core-1.2.0.RELEASE.jar;C:\Users\KRZYŚ\.m2\repository\org\springframework\plugin\spring-plugin-metadata\1.2.0.RELEASE\spring-plugin-metadata-1.2.0.RELEASE.jar;C:\Users\KRZYŚ\.m2\repository\org\mapstruct\mapstruct\1.2.0.Final\mapstruct-1.2.0.Final.jar;C:\Users\KRZYŚ\.m2\repository\io\springfox\springfox-swagger-ui\2.9.2\springfox-swagger-ui-2.9.2.jar;C:\Users\KRZYŚ\.m2\repository\junit\junit\4.12\junit-4.12.jar;C:\Users\KRZYŚ\.m2\repository\org\hamcrest\hamcrest-core\2.1\hamcrest-core-2.1.jar;C:\Users\KRZYŚ\.m2\repository\com\h2database\h2\1.4.194\h2-1.4.194.jar;C:\Users\KRZYŚ\.m2\repository\com\vaadin\vaadin-spring-boot-starter\14.1.23\vaadin-spring-boot-starter-14.1.23.jar;C:\Users\KRZYŚ\.m2\repository\com\vaadin\vaadin-spring\12.1.3\vaadin-spring-12.1.3.jar;C:\Users\KRZYŚ\.m2\repository\com\vaadin\flow-server\2.1.6\flow-server-2.1.6.jar;C:\Users\KRZYŚ\.m2\repository\com\vaadin\external\gwt\gwt-elemental\2.8.2.vaadin2\gwt-elemental-2.8.2.vaadin2.jar;C:\Users\KRZYŚ\.m2\repository\commons-fileupload\commons-fileupload\1.3.3\commons-fileupload-1.3.3.jar;C:\Users\KRZYŚ\.m2\repository\commons-io\commons-io\2.5\commons-io-2.5.jar;C:\Users\KRZYŚ\.m2\repository\org\jsoup\jsoup\1.12.1\jsoup-1.12.1.jar;C:\Users\KRZYŚ\.m2\repository\com\helger\ph-css\6.1.1\ph-css-6.1.1.jar;C:\Users\KRZYŚ\.m2\repository\com\helger\ph-commons\9.1.2\ph-commons-9.1.2.jar;C:\Users\KRZYŚ\.m2\repository\com\vaadin\external\gentyref\1.2.0.vaadin1\gentyref-1.2.0.vaadin1.jar;C:\Users\KRZYŚ\.m2\repository\com\vaadin\flow-push\2.1.6\flow-push-2.1.6.jar;C:\Users\KRZYŚ\.m2\repository\com\vaadin\external\atmosphere\atmosphere-runtime\2.4.30.slf4jvaadin1\atmosphere-runtime-2.4.30.slf4jvaadin1.jar;C:\Users\KRZYŚ\.m2\repository\com\vaadin\flow-client\2.1.6\flow-client-2.1.6.jar;C:\Users\KRZYŚ\.m2\repository\org\springframework\spring-websocket\5.2.4.RELEASE\spring-websocket-5.2.4.RELEASE.jar;C:\Users\KRZYŚ\.m2\repository\com\vaadin\vaadin-core\14.1.23\vaadin-core-14.1.23.jar;C:\Users\KRZYŚ\.m2\repository\com\vaadin\flow-html-components\2.1.6\flow-html-components-2.1.6.jar;C:\Users\KRZYŚ\.m2\repository\com\vaadin\flow-data\2.1.6\flow-data-2.1.6.jar;C:\Users\KRZYŚ\.m2\repository\javax\validation\validation-api\2.0.1.Final\validation-api-2.0.1.Final.jar;C:\Users\KRZYŚ\.m2\repository\com\vaadin\flow-dnd\2.1.6\flow-dnd-2.1.6.jar;C:\Users\KRZYŚ\.m2\repository\org\webjars\npm\vaadin__vaadin-mobile-drag-drop\1.0.0\vaadin__vaadin-mobile-drag-drop-1.0.0.jar;C:\Users\KRZYŚ\.m2\repository\org\webjars\npm\mobile-drag-drop\2.3.0-rc.1\mobile-drag-drop-2.3.0-rc.1.jar;C:\Users\KRZYŚ\.m2\repository\com\vaadin\vaadin-lumo-theme\2.1.6\vaadin-lumo-theme-2.1.6.jar;C:\Users\KRZYŚ\.m2\repository\org\webjars\bowergithub\vaadin\vaadin-lumo-styles\1.5.0\vaadin-lumo-styles-1.5.0.jar;C:\Users\KRZYŚ\.m2\repository\org\webjars\bowergithub\polymerelements\iron-icon\2.1.0\iron-icon-2.1.0.jar;C:\Users\KRZYŚ\.m2\repository\org\webjars\bowergithub\polymerelements\iron-meta\2.1.1\iron-meta-2.1.1.jar;C:\Users\KRZYŚ\.m2\repository\org\webjars\bowergithub\polymerelements\iron-iconset-svg\2.2.1\iron-iconset-svg-2.2.1.jar;C:\Users\KRZYŚ\.m2\repository\org\webjars\bowergithub\polymerelements\iron-flex-layout\2.0.3\iron-flex-layout-2.0.3.jar;C:\Users\KRZYŚ\.m2\repository\org\webjars\bowergithub\polymer\polymer\2.7.0\polymer-2.7.0.jar;C:\Users\KRZYŚ\.m2\repository\org\webjars\bowergithub\webcomponents\webcomponentsjs\1.2.6\webcomponentsjs-1.2.6.jar;C:\Users\KRZYŚ\.m2\repository\org\webjars\bowergithub\webcomponents\shadycss\1.8.0\shadycss-1.8.0.jar;C:\Users\KRZYŚ\.m2\repository\com\vaadin\vaadin-material-theme\2.1.6\vaadin-material-theme-2.1.6.jar;C:\Users\KRZYŚ\.m2\repository\org\webjars\bowergithub\vaadin\vaadin-material-styles\1.2.3\vaadin-material-styles-1.2.3.jar;C:\Users\KRZYŚ\.m2\repository\com\vaadin\vaadin-accordion-flow\2.0.0\vaadin-accordion-flow-2.0.0.jar;C:\Users\KRZYŚ\.m2\repository\org\webjars\bowergithub\vaadin\vaadin-accordion\1.0.1\vaadin-accordion-1.0.1.jar;C:\Users\KRZYŚ\.m2\repository\org\webjars\bowergithub\vaadin\vaadin-details\1.0.1\vaadin-details-1.0.1.jar;C:\Users\KRZYŚ\.m2\repository\org\webjars\bowergithub\vaadin\vaadin-themable-mixin\1.5.2\vaadin-themable-mixin-1.5.2.jar;C:\Users\KRZYŚ\.m2\repository\org\webjars\bowergithub\vaadin\vaadin-element-mixin\2.2.0\vaadin-element-mixin-2.2.0.jar;C:\Users\KRZYŚ\.m2\repository\org\webjars\bowergithub\vaadin\vaadin-usage-statistics\2.1.0\vaadin-usage-statistics-2.1.0.jar;C:\Users\KRZYŚ\.m2\repository\org\webjars\bowergithub\vaadin\vaadin-development-mode-detector\2.0.4\vaadin-development-mode-detector-2.0.4.jar;C:\Users\KRZYŚ\.m2\repository\com\vaadin\vaadin-button-flow\2.0.2\vaadin-button-flow-2.0.2.jar;C:\Users\KRZYŚ\.m2\repository\org\webjars\bowergithub\vaadin\vaadin-button\2.2.2\vaadin-button-2.2.2.jar;C:\Users\KRZYŚ\.m2\repository\org\webjars\bowergithub\vaadin\vaadin-control-state-mixin\2.1.3\vaadin-control-state-mixin-2.1.3.jar;C:\Users\KRZYŚ\.m2\repository\com\vaadin\vaadin-checkbox-flow\2.0.5\vaadin-checkbox-flow-2.0.5.jar;C:\Users\KRZYŚ\.m2\repository\org\webjars\bowergithub\vaadin\vaadin-checkbox\2.2.13\vaadin-checkbox-2.2.13.jar;C:\Users\KRZYŚ\.m2\repository\com\vaadin\vaadin-combo-box-flow\3.0.8\vaadin-combo-box-flow-3.0.8.jar;C:\Users\KRZYŚ\.m2\repository\org\webjars\bowergithub\vaadin\vaadin-combo-box\5.0.11\vaadin-combo-box-5.0.11.jar;C:\Users\KRZYŚ\.m2\repository\org\webjars\bowergithub\vaadin\vaadin-text-field\2.5.5\vaadin-text-field-2.5.5.jar;C:\Users\KRZYŚ\.m2\repository\org\webjars\bowergithub\polymerelements\iron-resizable-behavior\2.1.1\iron-resizable-behavior-2.1.1.jar;C:\Users\KRZYŚ\.m2\repository\org\webjars\bowergithub\polymerelements\iron-a11y-announcer\2.1.0\iron-a11y-announcer-2.1.0.jar;C:\Users\KRZYŚ\.m2\repository\org\webjars\bowergithub\polymerelements\iron-list\2.0.19\iron-list-2.0.19.jar;C:\Users\KRZYŚ\.m2\repository\org\webjars\bowergithub\polymerelements\iron-scroll-target-behavior\2.1.1\iron-scroll-target-behavior-2.1.1.jar;C:\Users\KRZYŚ\.m2\repository\org\webjars\bowergithub\polymerelements\iron-a11y-keys-behavior\2.1.1\iron-a11y-keys-behavior-2.1.1.jar;C:\Users\KRZYŚ\.m2\repository\org\webjars\bowergithub\vaadin\vaadin-item\2.1.1\vaadin-item-2.1.1.jar;C:\Users\KRZYŚ\.m2\repository\org\webjars\bowergithub\vaadin\vaadin-overlay\3.2.19\vaadin-overlay-3.2.19.jar;C:\Users\KRZYŚ\.m2\repository\org\webjars\bowergithub\polymerelements\iron-overlay-behavior\2.3.4\iron-overlay-behavior-2.3.4.jar;C:\Users\KRZYŚ\.m2\repository\org\webjars\bowergithub\polymerelements\iron-fit-behavior\2.2.1\iron-fit-behavior-2.2.1.jar;C:\Users\KRZYŚ\.m2\repository\com\vaadin\vaadin-custom-field-flow\3.0.4\vaadin-custom-field-flow-3.0.4.jar;C:\Users\KRZYŚ\.m2\repository\org\webjars\bowergithub\vaadin\vaadin-custom-field\1.0.11\vaadin-custom-field-1.0.11.jar;C:\Users\KRZYŚ\.m2\repository\com\vaadin\vaadin-date-picker-flow\2.0.8\vaadin-date-picker-flow-2.0.8.jar;C:\Users\KRZYŚ\.m2\repository\org\webjars\bowergithub\vaadin\vaadin-date-picker\4.0.8\vaadin-date-picker-4.0.8.jar;C:\Users\KRZYŚ\.m2\repository\org\webjars\bowergithub\polymerelements\iron-media-query\2.1.0\iron-media-query-2.1.0.jar;C:\Users\KRZYŚ\.m2\repository\com\vaadin\vaadin-details-flow\2.0.0\vaadin-details-flow-2.0.0.jar;C:\Users\KRZYŚ\.m2\repository\com\vaadin\vaadin-time-picker-flow\2.0.6\vaadin-time-picker-flow-2.0.6.jar;C:\Users\KRZYŚ\.m2\repository\org\webjars\bowergithub\vaadin\vaadin-time-picker\2.0.7\vaadin-time-picker-2.0.7.jar;C:\Users\KRZYŚ\.m2\repository\com\vaadin\vaadin-select-flow\2.0.3\vaadin-select-flow-2.0.3.jar;C:\Users\KRZYŚ\.m2\repository\org\webjars\bowergithub\vaadin\vaadin-select\2.1.7\vaadin-select-2.1.7.jar;C:\Users\KRZYŚ\.m2\repository\org\webjars\bowergithub\vaadin\vaadin-list-box\1.2.0\vaadin-list-box-1.2.0.jar;C:\Users\KRZYŚ\.m2\repository\org\webjars\bowergithub\vaadin\vaadin-list-mixin\2.3.1\vaadin-list-mixin-2.3.1.jar;C:\Users\KRZYŚ\.m2\repository\com\vaadin\vaadin-dialog-flow\2.0.1\vaadin-dialog-flow-2.0.1.jar;C:\Users\KRZYŚ\.m2\repository\org\webjars\bowergithub\vaadin\vaadin-dialog\2.2.1\vaadin-dialog-2.2.1.jar;C:\Users\KRZYŚ\.m2\repository\com\vaadin\vaadin-form-layout-flow\2.0.3\vaadin-form-layout-flow-2.0.3.jar;C:\Users\KRZYŚ\.m2\repository\org\webjars\bowergithub\vaadin\vaadin-form-layout\2.1.7\vaadin-form-layout-2.1.7.jar;C:\Users\KRZYŚ\.m2\repository\com\vaadin\vaadin-grid-flow\4.1.3\vaadin-grid-flow-4.1.3.jar;C:\Users\KRZYŚ\.m2\repository\org\webjars\bowergithub\vaadin\vaadin-grid\5.5.2\vaadin-grid-5.5.2.jar;C:\Users\KRZYŚ\.m2\repository\org\apache\commons\commons-lang3\3.9\commons-lang3-3.9.jar;C:\Users\KRZYŚ\.m2\repository\com\vaadin\vaadin-icons-flow\2.0.3\vaadin-icons-flow-2.0.3.jar;C:\Users\KRZYŚ\.m2\repository\org\webjars\bowergithub\vaadin\vaadin-icons\4.3.1\vaadin-icons-4.3.1.jar;C:\Users\KRZYŚ\.m2\repository\com\vaadin\vaadin-iron-list-flow\2.0.0\vaadin-iron-list-flow-2.0.0.jar;C:\Users\KRZYŚ\.m2\repository\com\vaadin\vaadin-list-box-flow\2.1.1\vaadin-list-box-flow-2.1.1.jar;C:\Users\KRZYŚ\.m2\repository\com\vaadin\vaadin-login-flow\2.0.0\vaadin-login-flow-2.0.0.jar;C:\Users\KRZYŚ\.m2\repository\org\webjars\bowergithub\vaadin\vaadin-login\1.0.1\vaadin-login-1.0.1.jar;C:\Users\KRZYŚ\.m2\repository\com\vaadin\vaadin-ordered-layout-flow\2.0.0\vaadin-ordered-layout-flow-2.0.0.jar;C:\Users\KRZYŚ\.m2\repository\org\webjars\bowergithub\vaadin\vaadin-ordered-layout\1.1.0\vaadin-ordered-layout-1.1.0.jar;C:\Users\KRZYŚ\.m2\repository\com\vaadin\vaadin-progress-bar-flow\2.0.2\vaadin-progress-bar-flow-2.0.2.jar;C:\Users\KRZYŚ\.m2\repository\org\webjars\bowergithub\vaadin\vaadin-progress-bar\1.1.2\vaadin-progress-bar-1.1.2.jar;C:\Users\KRZYŚ\.m2\repository\com\vaadin\vaadin-radio-button-flow\2.0.4\vaadin-radio-button-flow-2.0.4.jar;C:\Users\KRZYŚ\.m2\repository\org\webjars\bowergithub\vaadin\vaadin-radio-button\1.2.6\vaadin-radio-button-1.2.6.jar;C:\Users\KRZYŚ\.m2\repository\com\vaadin\vaadin-split-layout-flow\2.0.3\vaadin-split-layout-flow-2.0.3.jar;C:\Users\KRZYŚ\.m2\repository\org\webjars\bowergithub\vaadin\vaadin-split-layout\4.1.1\vaadin-split-layout-4.1.1.jar;C:\Users\KRZYŚ\.m2\repository\com\vaadin\vaadin-tabs-flow\2.0.4\vaadin-tabs-flow-2.0.4.jar;C:\Users\KRZYŚ\.m2\repository\org\webjars\bowergithub\vaadin\vaadin-tabs\3.0.5\vaadin-tabs-3.0.5.jar;C:\Users\KRZYŚ\.m2\repository\com\vaadin\vaadin-text-field-flow\2.1.1\vaadin-text-field-flow-2.1.1.jar;C:\Users\KRZYŚ\.m2\repository\com\vaadin\vaadin-upload-flow\2.1.0\vaadin-upload-flow-2.1.0.jar;C:\Users\KRZYŚ\.m2\repository\org\webjars\bowergithub\vaadin\vaadin-upload\4.2.2\vaadin-upload-4.2.2.jar;C:\Users\KRZYŚ\.m2\repository\com\vaadin\vaadin-notification-flow\2.0.0\vaadin-notification-flow-2.0.0.jar;C:\Users\KRZYŚ\.m2\repository\org\webjars\bowergithub\vaadin\vaadin-notification\1.4.0\vaadin-notification-1.4.0.jar;C:\Users\KRZYŚ\.m2\repository\com\vaadin\vaadin-app-layout-flow\2.0.5\vaadin-app-layout-flow-2.0.5.jar;C:\Users\KRZYŚ\.m2\repository\org\webjars\bowergithub\vaadin\vaadin-app-layout\2.0.5\vaadin-app-layout-2.0.5.jar;C:\Users\KRZYŚ\.m2\repository\com\vaadin\vaadin-context-menu-flow\3.1.2\vaadin-context-menu-flow-3.1.2.jar;C:\Users\KRZYŚ\.m2\repository\org\webjars\bowergithub\vaadin\vaadin-context-menu\4.3.15\vaadin-context-menu-4.3.15.jar;C:\Users\KRZYŚ\.m2\repository\com\vaadin\vaadin-menu-bar-flow\1.0.2\vaadin-menu-bar-flow-1.0.2.jar;C:\Users\KRZYŚ\.m2\repository\org\webjars\bowergithub\vaadin\vaadin-menu-bar\1.0.3\vaadin-menu-bar-1.0.3.jar;"/>
    <property name="java.vm.vendor" value="Oracle Corporation"/>
    <property name="sun.arch.data.model" value="64"/>
    <property name="user.variant" value=""/>
    <property name="java.vendor.url" value="http://java.oracle.com/"/>
    <property name="user.timezone" value="Europe/Belgrade"/>
    <property name="java.vm.specification.version" value="1.8"/>
    <property name="os.name" value="Windows 8.1"/>
    <property name="user.country" value="PL"/>
    <property name="sun.java.launcher" value="SUN_STANDARD"/>
    <property name="sun.boot.library.path" value="C:\Program Files\Java\jdk1.8.0_212\jre\bin"/>
    <property name="sun.java.command" value="C:\Users\KRZY~1\AppData\Local\Temp\surefire8800372432688878176\surefirebooter4205501115396860081.jar C:\Users\KRZYŚ\AppData\Local\Temp\surefire8800372432688878176 2020-04-06T18-39-54_829-jvmRun1 surefire2254809898822444001tmp surefire_0171190599846411428tmp"/>
    <property name="surefire.test.class.path" value="D:\Projekty_Intellij\!!!!PSS\diet\target\test-classes;D:\Projekty_Intellij\!!!!PSS\diet\target\classes;C:\Users\KRZYŚ\.m2\repository\org\springframework\boot\spring-boot-starter-data-jdbc\2.2.5.RELEASE\spring-boot-starter-data-jdbc-2.2.5.RELEASE.jar;C:\Users\KRZYŚ\.m2\repository\org\springframework\boot\spring-boot-starter-jdbc\2.2.5.RELEASE\spring-boot-starter-jdbc-2.2.5.RELEASE.jar;C:\Users\KRZYŚ\.m2\repository\com\zaxxer\HikariCP\3.4.2\HikariCP-3.4.2.jar;C:\Users\KRZYŚ\.m2\repository\org\springframework\data\spring-data-jdbc\1.1.5.RELEASE\spring-data-jdbc-1.1.5.RELEASE.jar;C:\Users\KRZYŚ\.m2\repository\org\springframework\data\spring-data-relational\1.1.5.RELEASE\spring-data-relational-1.1.5.RELEASE.jar;C:\Users\KRZYŚ\.m2\repository\org\springframework\boot\spring-boot-starter-data-jpa\2.2.5.RELEASE\spring-boot-starter-data-jpa-2.2.5.RELEASE.jar;C:\Users\KRZYŚ\.m2\repository\org\springframework\boot\spring-boot-starter-aop\2.2.5.RELEASE\spring-boot-starter-aop-2.2.5.RELEASE.jar;C:\Users\KRZYŚ\.m2\repository\org\aspectj\aspectjweaver\1.9.5\aspectjweaver-1.9.5.jar;C:\Users\KRZYŚ\.m2\repository\jakarta\activation\jakarta.activation-api\1.2.2\jakarta.activation-api-1.2.2.jar;C:\Users\KRZYŚ\.m2\repository\jakarta\persistence\jakarta.persistence-api\2.2.3\jakarta.persistence-api-2.2.3.jar;C:\Users\KRZYŚ\.m2\repository\jakarta\transaction\jakarta.transaction-api\1.3.3\jakarta.transaction-api-1.3.3.jar;C:\Users\KRZYŚ\.m2\repository\org\hibernate\hibernate-core\5.4.12.Final\hibernate-core-5.4.12.Final.jar;C:\Users\KRZYŚ\.m2\repository\org\jboss\logging\jboss-logging\3.4.1.Final\jboss-logging-3.4.1.Final.jar;C:\Users\KRZYŚ\.m2\repository\org\javassist\javassist\3.24.0-GA\javassist-3.24.0-GA.jar;C:\Users\KRZYŚ\.m2\repository\net\bytebuddy\byte-buddy\1.10.8\byte-buddy-1.10.8.jar;C:\Users\KRZYŚ\.m2\repository\antlr\antlr\2.7.7\antlr-2.7.7.jar;C:\Users\KRZYŚ\.m2\repository\org\jboss\jandex\2.1.1.Final\jandex-2.1.1.Final.jar;C:\Users\KRZYŚ\.m2\repository\org\dom4j\dom4j\2.1.1\dom4j-2.1.1.jar;C:\Users\KRZYŚ\.m2\repository\org\hibernate\common\hibernate-commons-annotations\5.1.0.Final\hibernate-commons-annotations-5.1.0.Final.jar;C:\Users\KRZYŚ\.m2\repository\org\glassfish\jaxb\jaxb-runtime\2.3.2\jaxb-runtime-2.3.2.jar;C:\Users\KRZYŚ\.m2\repository\org\glassfish\jaxb\txw2\2.3.2\txw2-2.3.2.jar;C:\Users\KRZYŚ\.m2\repository\com\sun\istack\istack-commons-runtime\3.0.8\istack-commons-runtime-3.0.8.jar;C:\Users\KRZYŚ\.m2\repository\org\jvnet\staxex\stax-ex\1.8.1\stax-ex-1.8.1.jar;C:\Users\KRZYŚ\.m2\repository\com\sun\xml\fastinfoset\FastInfoset\1.2.16\FastInfoset-1.2.16.jar;C:\Users\KRZYŚ\.m2\repository\org\springframework\spring-aspects\5.2.4.RELEASE\spring-aspects-5.2.4.RELEASE.jar;C:\Users\KRZYŚ\.m2\repository\org\springframework\boot\spring-boot-starter-web\2.2.5.RELEASE\spring-boot-starter-web-2.2.5.RELEASE.jar;C:\Users\KRZYŚ\.m2\repository\org\springframework\boot\spring-boot-starter\2.2.5.RELEASE\spring-boot-starter-2.2.5.RELEASE.jar;C:\Users\KRZYŚ\.m2\repository\org\springframework\boot\spring-boot\2.2.5.RELEASE\spring-boot-2.2.5.RELEASE.jar;C:\Users\KRZYŚ\.m2\repository\org\springframework\boot\spring-boot-autoconfigure\2.2.5.RELEASE\spring-boot-autoconfigure-2.2.5.RELEASE.jar;C:\Users\KRZYŚ\.m2\repository\org\springframework\boot\spring-boot-starter-logging\2.2.5.RELEASE\spring-boot-starter-logging-2.2.5.RELEASE.jar;C:\Users\KRZYŚ\.m2\repository\ch\qos\logback\logback-classic\1.2.3\logback-classic-1.2.3.jar;C:\Users\KRZYŚ\.m2\repository\ch\qos\logback\logback-core\1.2.3\logback-core-1.2.3.jar;C:\Users\KRZYŚ\.m2\repository\org\apache\logging\log4j\log4j-to-slf4j\2.12.1\log4j-to-slf4j-2.12.1.jar;C:\Users\KRZYŚ\.m2\repository\org\apache\logging\log4j\log4j-api\2.12.1\log4j-api-2.12.1.jar;C:\Users\KRZYŚ\.m2\repository\org\slf4j\jul-to-slf4j\1.7.30\jul-to-slf4j-1.7.30.jar;C:\Users\KRZYŚ\.m2\repository\jakarta\annotation\jakarta.annotation-api\1.3.5\jakarta.annotation-api-1.3.5.jar;C:\Users\KRZYŚ\.m2\repository\org\yaml\snakeyaml\1.25\snakeyaml-1.25.jar;C:\Users\KRZYŚ\.m2\repository\org\springframework\boot\spring-boot-starter-json\2.2.5.RELEASE\spring-boot-starter-json-2.2.5.RELEASE.jar;C:\Users\KRZYŚ\.m2\repository\com\fasterxml\jackson\core\jackson-databind\2.10.2\jackson-databind-2.10.2.jar;C:\Users\KRZYŚ\.m2\repository\com\fasterxml\jackson\core\jackson-core\2.10.2\jackson-core-2.10.2.jar;C:\Users\KRZYŚ\.m2\repository\com\fasterxml\jackson\datatype\jackson-datatype-jdk8\2.10.2\jackson-datatype-jdk8-2.10.2.jar;C:\Users\KRZYŚ\.m2\repository\com\fasterxml\jackson\datatype\jackson-datatype-jsr310\2.10.2\jackson-datatype-jsr310-2.10.2.jar;C:\Users\KRZYŚ\.m2\repository\com\fasterxml\jackson\module\jackson-module-parameter-names\2.10.2\jackson-module-parameter-names-2.10.2.jar;C:\Users\KRZYŚ\.m2\repository\org\springframework\boot\spring-boot-starter-tomcat\2.2.5.RELEASE\spring-boot-starter-tomcat-2.2.5.RELEASE.jar;C:\Users\KRZYŚ\.m2\repository\org\apache\tomcat\embed\tomcat-embed-core\9.0.31\tomcat-embed-core-9.0.31.jar;C:\Users\KRZYŚ\.m2\repository\org\apache\tomcat\embed\tomcat-embed-el\9.0.31\tomcat-embed-el-9.0.31.jar;C:\Users\KRZYŚ\.m2\repository\org\apache\tomcat\embed\tomcat-embed-websocket\9.0.31\tomcat-embed-websocket-9.0.31.jar;C:\Users\KRZYŚ\.m2\repository\org\springframework\boot\spring-boot-starter-validation\2.2.5.RELEASE\spring-boot-starter-validation-2.2.5.RELEASE.jar;C:\Users\KRZYŚ\.m2\repository\jakarta\validation\jakarta.validation-api\2.0.2\jakarta.validation-api-2.0.2.jar;C:\Users\KRZYŚ\.m2\repository\org\hibernate\validator\hibernate-validator\6.0.18.Final\hibernate-validator-6.0.18.Final.jar;C:\Users\KRZYŚ\.m2\repository\org\springframework\spring-webmvc\5.2.4.RELEASE\spring-webmvc-5.2.4.RELEASE.jar;C:\Users\KRZYŚ\.m2\repository\org\springframework\spring-expression\5.2.4.RELEASE\spring-expression-5.2.4.RELEASE.jar;C:\Users\KRZYŚ\.m2\repository\mysql\mysql-connector-java\8.0.19\mysql-connector-java-8.0.19.jar;C:\Users\KRZYŚ\.m2\repository\org\projectlombok\lombok\1.18.12\lombok-1.18.12.jar;C:\Users\KRZYŚ\.m2\repository\org\springframework\boot\spring-boot-starter-test\2.2.5.RELEASE\spring-boot-starter-test-2.2.5.RELEASE.jar;C:\Users\KRZYŚ\.m2\repository\org\springframework\boot\spring-boot-test\2.2.5.RELEASE\spring-boot-test-2.2.5.RELEASE.jar;C:\Users\KRZYŚ\.m2\repository\org\springframework\boot\spring-boot-test-autoconfigure\2.2.5.RELEASE\spring-boot-test-autoconfigure-2.2.5.RELEASE.jar;C:\Users\KRZYŚ\.m2\repository\com\jayway\jsonpath\json-path\2.4.0\json-path-2.4.0.jar;C:\Users\KRZYŚ\.m2\repository\net\minidev\json-smart\2.3\json-smart-2.3.jar;C:\Users\KRZYŚ\.m2\repository\net\minidev\accessors-smart\1.2\accessors-smart-1.2.jar;C:\Users\KRZYŚ\.m2\repository\org\ow2\asm\asm\5.0.4\asm-5.0.4.jar;C:\Users\KRZYŚ\.m2\repository\jakarta\xml\bind\jakarta.xml.bind-api\2.3.2\jakarta.xml.bind-api-2.3.2.jar;C:\Users\KRZYŚ\.m2\repository\org\junit\jupiter\junit-jupiter\5.5.2\junit-jupiter-5.5.2.jar;C:\Users\KRZYŚ\.m2\repository\org\junit\jupiter\junit-jupiter-api\5.5.2\junit-jupiter-api-5.5.2.jar;C:\Users\KRZYŚ\.m2\repository\org\apiguardian\apiguardian-api\1.1.0\apiguardian-api-1.1.0.jar;C:\Users\KRZYŚ\.m2\repository\org\opentest4j\opentest4j\1.2.0\opentest4j-1.2.0.jar;C:\Users\KRZYŚ\.m2\repository\org\junit\platform\junit-platform-commons\1.5.2\junit-platform-commons-1.5.2.jar;C:\Users\KRZYŚ\.m2\repository\org\junit\jupiter\junit-jupiter-params\5.5.2\junit-jupiter-params-5.5.2.jar;C:\Users\KRZYŚ\.m2\repository\org\junit\jupiter\junit-jupiter-engine\5.5.2\junit-jupiter-engine-5.5.2.jar;C:\Users\KRZYŚ\.m2\repository\org\junit\platform\junit-platform-engine\1.5.2\junit-platform-engine-1.5.2.jar;C:\Users\KRZYŚ\.m2\repository\org\mockito\mockito-junit-jupiter\3.1.0\mockito-junit-jupiter-3.1.0.jar;C:\Users\KRZYŚ\.m2\repository\org\assertj\assertj-core\3.13.2\assertj-core-3.13.2.jar;C:\Users\KRZYŚ\.m2\repository\org\hamcrest\hamcrest\2.1\hamcrest-2.1.jar;C:\Users\KRZYŚ\.m2\repository\org\mockito\mockito-core\3.1.0\mockito-core-3.1.0.jar;C:\Users\KRZYŚ\.m2\repository\net\bytebuddy\byte-buddy-agent\1.10.8\byte-buddy-agent-1.10.8.jar;C:\Users\KRZYŚ\.m2\repository\org\objenesis\objenesis\2.6\objenesis-2.6.jar;C:\Users\KRZYŚ\.m2\repository\org\skyscreamer\jsonassert\1.5.0\jsonassert-1.5.0.jar;C:\Users\KRZYŚ\.m2\repository\com\vaadin\external\google\android-json\0.0.20131108.vaadin1\android-json-0.0.20131108.vaadin1.jar;C:\Users\KRZYŚ\.m2\repository\org\springframework\spring-core\5.2.4.RELEASE\spring-core-5.2.4.RELEASE.jar;C:\Users\KRZYŚ\.m2\repository\org\springframework\spring-jcl\5.2.4.RELEASE\spring-jcl-5.2.4.RELEASE.jar;C:\Users\KRZYŚ\.m2\repository\org\springframework\spring-test\5.2.4.RELEASE\spring-test-5.2.4.RELEASE.jar;C:\Users\KRZYŚ\.m2\repository\org\xmlunit\xmlunit-core\2.6.3\xmlunit-core-2.6.3.jar;C:\Users\KRZYŚ\.m2\repository\org\springframework\data\spring-data-jpa\2.2.5.RELEASE\spring-data-jpa-2.2.5.RELEASE.jar;C:\Users\KRZYŚ\.m2\repository\org\springframework\data\spring-data-commons\2.2.5.RELEASE\spring-data-commons-2.2.5.RELEASE.jar;C:\Users\KRZYŚ\.m2\repository\org\springframework\spring-orm\5.2.4.RELEASE\spring-orm-5.2.4.RELEASE.jar;C:\Users\KRZYŚ\.m2\repository\org\springframework\spring-context\5.2.4.RELEASE\spring-context-5.2.4.RELEASE.jar;C:\Users\KRZYŚ\.m2\repository\org\springframework\spring-aop\5.2.4.RELEASE\spring-aop-5.2.4.RELEASE.jar;C:\Users\KRZYŚ\.m2\repository\org\springframework\spring-tx\5.2.4.RELEASE\spring-tx-5.2.4.RELEASE.jar;C:\Users\KRZYŚ\.m2\repository\org\springframework\spring-beans\5.2.4.RELEASE\spring-beans-5.2.4.RELEASE.jar;C:\Users\KRZYŚ\.m2\repository\org\aspectj\aspectjrt\1.9.5\aspectjrt-1.9.5.jar;C:\Users\KRZYŚ\.m2\repository\org\slf4j\slf4j-api\1.7.30\slf4j-api-1.7.30.jar;C:\Users\KRZYŚ\.m2\repository\org\springframework\spring-jdbc\5.2.4.RELEASE\spring-jdbc-5.2.4.RELEASE.jar;C:\Users\KRZYŚ\.m2\repository\org\springframework\spring-web\5.2.4.RELEASE\spring-web-5.2.4.RELEASE.jar;C:\Users\KRZYŚ\.m2\repository\org\springframework\boot\spring-boot-starter-security\2.2.6.RELEASE\spring-boot-starter-security-2.2.6.RELEASE.jar;C:\Users\KRZYŚ\.m2\repository\org\springframework\security\spring-security-config\5.2.2.RELEASE\spring-security-config-5.2.2.RELEASE.jar;C:\Users\KRZYŚ\.m2\repository\org\springframework\security\spring-security-core\5.2.2.RELEASE\spring-security-core-5.2.2.RELEASE.jar;C:\Users\KRZYŚ\.m2\repository\org\springframework\security\spring-security-web\5.2.2.RELEASE\spring-security-web-5.2.2.RELEASE.jar;C:\Users\KRZYŚ\.m2\repository\io\springfox\springfox-swagger2\2.9.2\springfox-swagger2-2.9.2.jar;C:\Users\KRZYŚ\.m2\repository\io\swagger\swagger-annotations\1.5.20\swagger-annotations-1.5.20.jar;C:\Users\KRZYŚ\.m2\repository\io\swagger\swagger-models\1.5.20\swagger-models-1.5.20.jar;C:\Users\KRZYŚ\.m2\repository\com\fasterxml\jackson\core\jackson-annotations\2.10.2\jackson-annotations-2.10.2.jar;C:\Users\KRZYŚ\.m2\repository\io\springfox\springfox-spi\2.9.2\springfox-spi-2.9.2.jar;C:\Users\KRZYŚ\.m2\repository\io\springfox\springfox-core\2.9.2\springfox-core-2.9.2.jar;C:\Users\KRZYŚ\.m2\repository\io\springfox\springfox-schema\2.9.2\springfox-schema-2.9.2.jar;C:\Users\KRZYŚ\.m2\repository\io\springfox\springfox-swagger-common\2.9.2\springfox-swagger-common-2.9.2.jar;C:\Users\KRZYŚ\.m2\repository\io\springfox\springfox-spring-web\2.9.2\springfox-spring-web-2.9.2.jar;C:\Users\KRZYŚ\.m2\repository\com\google\guava\guava\20.0\guava-20.0.jar;C:\Users\KRZYŚ\.m2\repository\com\fasterxml\classmate\1.5.1\classmate-1.5.1.jar;C:\Users\KRZYŚ\.m2\repository\org\springframework\plugin\spring-plugin-core\1.2.0.RELEASE\spring-plugin-core-1.2.0.RELEASE.jar;C:\Users\KRZYŚ\.m2\repository\org\springframework\plugin\spring-plugin-metadata\1.2.0.RELEASE\spring-plugin-metadata-1.2.0.RELEASE.jar;C:\Users\KRZYŚ\.m2\repository\org\mapstruct\mapstruct\1.2.0.Final\mapstruct-1.2.0.Final.jar;C:\Users\KRZYŚ\.m2\repository\io\springfox\springfox-swagger-ui\2.9.2\springfox-swagger-ui-2.9.2.jar;C:\Users\KRZYŚ\.m2\repository\junit\junit\4.12\junit-4.12.jar;C:\Users\KRZYŚ\.m2\repository\org\hamcrest\hamcrest-core\2.1\hamcrest-core-2.1.jar;C:\Users\KRZYŚ\.m2\repository\com\h2database\h2\1.4.194\h2-1.4.194.jar;C:\Users\KRZYŚ\.m2\repository\com\vaadin\vaadin-spring-boot-starter\14.1.23\vaadin-spring-boot-starter-14.1.23.jar;C:\Users\KRZYŚ\.m2\repository\com\vaadin\vaadin-spring\12.1.3\vaadin-spring-12.1.3.jar;C:\Users\KRZYŚ\.m2\repository\com\vaadin\flow-server\2.1.6\flow-server-2.1.6.jar;C:\Users\KRZYŚ\.m2\repository\com\vaadin\external\gwt\gwt-elemental\2.8.2.vaadin2\gwt-elemental-2.8.2.vaadin2.jar;C:\Users\KRZYŚ\.m2\repository\commons-fileupload\commons-fileupload\1.3.3\commons-fileupload-1.3.3.jar;C:\Users\KRZYŚ\.m2\repository\commons-io\commons-io\2.5\commons-io-2.5.jar;C:\Users\KRZYŚ\.m2\repository\org\jsoup\jsoup\1.12.1\jsoup-1.12.1.jar;C:\Users\KRZYŚ\.m2\repository\com\helger\ph-css\6.1.1\ph-css-6.1.1.jar;C:\Users\KRZYŚ\.m2\repository\com\helger\ph-commons\9.1.2\ph-commons-9.1.2.jar;C:\Users\KRZYŚ\.m2\repository\com\vaadin\external\gentyref\1.2.0.vaadin1\gentyref-1.2.0.vaadin1.jar;C:\Users\KRZYŚ\.m2\repository\com\vaadin\flow-push\2.1.6\flow-push-2.1.6.jar;C:\Users\KRZYŚ\.m2\repository\com\vaadin\external\atmosphere\atmosphere-runtime\2.4.30.slf4jvaadin1\atmosphere-runtime-2.4.30.slf4jvaadin1.jar;C:\Users\KRZYŚ\.m2\repository\com\vaadin\flow-client\2.1.6\flow-client-2.1.6.jar;C:\Users\KRZYŚ\.m2\repository\org\springframework\spring-websocket\5.2.4.RELEASE\spring-websocket-5.2.4.RELEASE.jar;C:\Users\KRZYŚ\.m2\repository\com\vaadin\vaadin-core\14.1.23\vaadin-core-14.1.23.jar;C:\Users\KRZYŚ\.m2\repository\com\vaadin\flow-html-components\2.1.6\flow-html-components-2.1.6.jar;C:\Users\KRZYŚ\.m2\repository\com\vaadin\flow-data\2.1.6\flow-data-2.1.6.jar;C:\Users\KRZYŚ\.m2\repository\javax\validation\validation-api\2.0.1.Final\validation-api-2.0.1.Final.jar;C:\Users\KRZYŚ\.m2\repository\com\vaadin\flow-dnd\2.1.6\flow-dnd-2.1.6.jar;C:\Users\KRZYŚ\.m2\repository\org\webjars\npm\vaadin__vaadin-mobile-drag-drop\1.0.0\vaadin__vaadin-mobile-drag-drop-1.0.0.jar;C:\Users\KRZYŚ\.m2\repository\org\webjars\npm\mobile-drag-drop\2.3.0-rc.1\mobile-drag-drop-2.3.0-rc.1.jar;C:\Users\KRZYŚ\.m2\repository\com\vaadin\vaadin-lumo-theme\2.1.6\vaadin-lumo-theme-2.1.6.jar;C:\Users\KRZYŚ\.m2\repository\org\webjars\bowergithub\vaadin\vaadin-lumo-styles\1.5.0\vaadin-lumo-styles-1.5.0.jar;C:\Users\KRZYŚ\.m2\repository\org\webjars\bowergithub\polymerelements\iron-icon\2.1.0\iron-icon-2.1.0.jar;C:\Users\KRZYŚ\.m2\repository\org\webjars\bowergithub\polymerelements\iron-meta\2.1.1\iron-meta-2.1.1.jar;C:\Users\KRZYŚ\.m2\repository\org\webjars\bowergithub\polymerelements\iron-iconset-svg\2.2.1\iron-iconset-svg-2.2.1.jar;C:\Users\KRZYŚ\.m2\repository\org\webjars\bowergithub\polymerelements\iron-flex-layout\2.0.3\iron-flex-layout-2.0.3.jar;C:\Users\KRZYŚ\.m2\repository\org\webjars\bowergithub\polymer\polymer\2.7.0\polymer-2.7.0.jar;C:\Users\KRZYŚ\.m2\repository\org\webjars\bowergithub\webcomponents\webcomponentsjs\1.2.6\webcomponentsjs-1.2.6.jar;C:\Users\KRZYŚ\.m2\repository\org\webjars\bowergithub\webcomponents\shadycss\1.8.0\shadycss-1.8.0.jar;C:\Users\KRZYŚ\.m2\repository\com\vaadin\vaadin-material-theme\2.1.6\vaadin-material-theme-2.1.6.jar;C:\Users\KRZYŚ\.m2\repository\org\webjars\bowergithub\vaadin\vaadin-material-styles\1.2.3\vaadin-material-styles-1.2.3.jar;C:\Users\KRZYŚ\.m2\repository\com\vaadin\vaadin-accordion-flow\2.0.0\vaadin-accordion-flow-2.0.0.jar;C:\Users\KRZYŚ\.m2\repository\org\webjars\bowergithub\vaadin\vaadin-accordion\1.0.1\vaadin-accordion-1.0.1.jar;C:\Users\KRZYŚ\.m2\repository\org\webjars\bowergithub\vaadin\vaadin-details\1.0.1\vaadin-details-1.0.1.jar;C:\Users\KRZYŚ\.m2\repository\org\webjars\bowergithub\vaadin\vaadin-themable-mixin\1.5.2\vaadin-themable-mixin-1.5.2.jar;C:\Users\KRZYŚ\.m2\repository\org\webjars\bowergithub\vaadin\vaadin-element-mixin\2.2.0\vaadin-element-mixin-2.2.0.jar;C:\Users\KRZYŚ\.m2\repository\org\webjars\bowergithub\vaadin\vaadin-usage-statistics\2.1.0\vaadin-usage-statistics-2.1.0.jar;C:\Users\KRZYŚ\.m2\repository\org\webjars\bowergithub\vaadin\vaadin-development-mode-detector\2.0.4\vaadin-development-mode-detector-2.0.4.jar;C:\Users\KRZYŚ\.m2\repository\com\vaadin\vaadin-button-flow\2.0.2\vaadin-button-flow-2.0.2.jar;C:\Users\KRZYŚ\.m2\repository\org\webjars\bowergithub\vaadin\vaadin-button\2.2.2\vaadin-button-2.2.2.jar;C:\Users\KRZYŚ\.m2\repository\org\webjars\bowergithub\vaadin\vaadin-control-state-mixin\2.1.3\vaadin-control-state-mixin-2.1.3.jar;C:\Users\KRZYŚ\.m2\repository\com\vaadin\vaadin-checkbox-flow\2.0.5\vaadin-checkbox-flow-2.0.5.jar;C:\Users\KRZYŚ\.m2\repository\org\webjars\bowergithub\vaadin\vaadin-checkbox\2.2.13\vaadin-checkbox-2.2.13.jar;C:\Users\KRZYŚ\.m2\repository\com\vaadin\vaadin-combo-box-flow\3.0.8\vaadin-combo-box-flow-3.0.8.jar;C:\Users\KRZYŚ\.m2\repository\org\webjars\bowergithub\vaadin\vaadin-combo-box\5.0.11\vaadin-combo-box-5.0.11.jar;C:\Users\KRZYŚ\.m2\repository\org\webjars\bowergithub\vaadin\vaadin-text-field\2.5.5\vaadin-text-field-2.5.5.jar;C:\Users\KRZYŚ\.m2\repository\org\webjars\bowergithub\polymerelements\iron-resizable-behavior\2.1.1\iron-resizable-behavior-2.1.1.jar;C:\Users\KRZYŚ\.m2\repository\org\webjars\bowergithub\polymerelements\iron-a11y-announcer\2.1.0\iron-a11y-announcer-2.1.0.jar;C:\Users\KRZYŚ\.m2\repository\org\webjars\bowergithub\polymerelements\iron-list\2.0.19\iron-list-2.0.19.jar;C:\Users\KRZYŚ\.m2\repository\org\webjars\bowergithub\polymerelements\iron-scroll-target-behavior\2.1.1\iron-scroll-target-behavior-2.1.1.jar;C:\Users\KRZYŚ\.m2\repository\org\webjars\bowergithub\polymerelements\iron-a11y-keys-behavior\2.1.1\iron-a11y-keys-behavior-2.1.1.jar;C:\Users\KRZYŚ\.m2\repository\org\webjars\bowergithub\vaadin\vaadin-item\2.1.1\vaadin-item-2.1.1.jar;C:\Users\KRZYŚ\.m2\repository\org\webjars\bowergithub\vaadin\vaadin-overlay\3.2.19\vaadin-overlay-3.2.19.jar;C:\Users\KRZYŚ\.m2\repository\org\webjars\bowergithub\polymerelements\iron-overlay-behavior\2.3.4\iron-overlay-behavior-2.3.4.jar;C:\Users\KRZYŚ\.m2\repository\org\webjars\bowergithub\polymerelements\iron-fit-behavior\2.2.1\iron-fit-behavior-2.2.1.jar;C:\Users\KRZYŚ\.m2\repository\com\vaadin\vaadin-custom-field-flow\3.0.4\vaadin-custom-field-flow-3.0.4.jar;C:\Users\KRZYŚ\.m2\repository\org\webjars\bowergithub\vaadin\vaadin-custom-field\1.0.11\vaadin-custom-field-1.0.11.jar;C:\Users\KRZYŚ\.m2\repository\com\vaadin\vaadin-date-picker-flow\2.0.8\vaadin-date-picker-flow-2.0.8.jar;C:\Users\KRZYŚ\.m2\repository\org\webjars\bowergithub\vaadin\vaadin-date-picker\4.0.8\vaadin-date-picker-4.0.8.jar;C:\Users\KRZYŚ\.m2\repository\org\webjars\bowergithub\polymerelements\iron-media-query\2.1.0\iron-media-query-2.1.0.jar;C:\Users\KRZYŚ\.m2\repository\com\vaadin\vaadin-details-flow\2.0.0\vaadin-details-flow-2.0.0.jar;C:\Users\KRZYŚ\.m2\repository\com\vaadin\vaadin-time-picker-flow\2.0.6\vaadin-time-picker-flow-2.0.6.jar;C:\Users\KRZYŚ\.m2\repository\org\webjars\bowergithub\vaadin\vaadin-time-picker\2.0.7\vaadin-time-picker-2.0.7.jar;C:\Users\KRZYŚ\.m2\repository\com\vaadin\vaadin-select-flow\2.0.3\vaadin-select-flow-2.0.3.jar;C:\Users\KRZYŚ\.m2\repository\org\webjars\bowergithub\vaadin\vaadin-select\2.1.7\vaadin-select-2.1.7.jar;C:\Users\KRZYŚ\.m2\repository\org\webjars\bowergithub\vaadin\vaadin-list-box\1.2.0\vaadin-list-box-1.2.0.jar;C:\Users\KRZYŚ\.m2\repository\org\webjars\bowergithub\vaadin\vaadin-list-mixin\2.3.1\vaadin-list-mixin-2.3.1.jar;C:\Users\KRZYŚ\.m2\repository\com\vaadin\vaadin-dialog-flow\2.0.1\vaadin-dialog-flow-2.0.1.jar;C:\Users\KRZYŚ\.m2\repository\org\webjars\bowergithub\vaadin\vaadin-dialog\2.2.1\vaadin-dialog-2.2.1.jar;C:\Users\KRZYŚ\.m2\repository\com\vaadin\vaadin-form-layout-flow\2.0.3\vaadin-form-layout-flow-2.0.3.jar;C:\Users\KRZYŚ\.m2\repository\org\webjars\bowergithub\vaadin\vaadin-form-layout\2.1.7\vaadin-form-layout-2.1.7.jar;C:\Users\KRZYŚ\.m2\repository\com\vaadin\vaadin-grid-flow\4.1.3\vaadin-grid-flow-4.1.3.jar;C:\Users\KRZYŚ\.m2\repository\org\webjars\bowergithub\vaadin\vaadin-grid\5.5.2\vaadin-grid-5.5.2.jar;C:\Users\KRZYŚ\.m2\repository\org\apache\commons\commons-lang3\3.9\commons-lang3-3.9.jar;C:\Users\KRZYŚ\.m2\repository\com\vaadin\vaadin-icons-flow\2.0.3\vaadin-icons-flow-2.0.3.jar;C:\Users\KRZYŚ\.m2\repository\org\webjars\bowergithub\vaadin\vaadin-icons\4.3.1\vaadin-icons-4.3.1.jar;C:\Users\KRZYŚ\.m2\repository\com\vaadin\vaadin-iron-list-flow\2.0.0\vaadin-iron-list-flow-2.0.0.jar;C:\Users\KRZYŚ\.m2\repository\com\vaadin\vaadin-list-box-flow\2.1.1\vaadin-list-box-flow-2.1.1.jar;C:\Users\KRZYŚ\.m2\repository\com\vaadin\vaadin-login-flow\2.0.0\vaadin-login-flow-2.0.0.jar;C:\Users\KRZYŚ\.m2\repository\org\webjars\bowergithub\vaadin\vaadin-login\1.0.1\vaadin-login-1.0.1.jar;C:\Users\KRZYŚ\.m2\repository\com\vaadin\vaadin-ordered-layout-flow\2.0.0\vaadin-ordered-layout-flow-2.0.0.jar;C:\Users\KRZYŚ\.m2\repository\org\webjars\bowergithub\vaadin\vaadin-ordered-layout\1.1.0\vaadin-ordered-layout-1.1.0.jar;C:\Users\KRZYŚ\.m2\repository\com\vaadin\vaadin-progress-bar-flow\2.0.2\vaadin-progress-bar-flow-2.0.2.jar;C:\Users\KRZYŚ\.m2\repository\org\webjars\bowergithub\vaadin\vaadin-progress-bar\1.1.2\vaadin-progress-bar-1.1.2.jar;C:\Users\KRZYŚ\.m2\repository\com\vaadin\vaadin-radio-button-flow\2.0.4\vaadin-radio-button-flow-2.0.4.jar;C:\Users\KRZYŚ\.m2\repository\org\webjars\bowergithub\vaadin\vaadin-radio-button\1.2.6\vaadin-radio-button-1.2.6.jar;C:\Users\KRZYŚ\.m2\repository\com\vaadin\vaadin-split-layout-flow\2.0.3\vaadin-split-layout-flow-2.0.3.jar;C:\Users\KRZYŚ\.m2\repository\org\webjars\bowergithub\vaadin\vaadin-split-layout\4.1.1\vaadin-split-layout-4.1.1.jar;C:\Users\KRZYŚ\.m2\repository\com\vaadin\vaadin-tabs-flow\2.0.4\vaadin-tabs-flow-2.0.4.jar;C:\Users\KRZYŚ\.m2\repository\org\webjars\bowergithub\vaadin\vaadin-tabs\3.0.5\vaadin-tabs-3.0.5.jar;C:\Users\KRZYŚ\.m2\repository\com\vaadin\vaadin-text-field-flow\2.1.1\vaadin-text-field-flow-2.1.1.jar;C:\Users\KRZYŚ\.m2\repository\com\vaadin\vaadin-upload-flow\2.1.0\vaadin-upload-flow-2.1.0.jar;C:\Users\KRZYŚ\.m2\repository\org\webjars\bowergithub\vaadin\vaadin-upload\4.2.2\vaadin-upload-4.2.2.jar;C:\Users\KRZYŚ\.m2\repository\com\vaadin\vaadin-notification-flow\2.0.0\vaadin-notification-flow-2.0.0.jar;C:\Users\KRZYŚ\.m2\repository\org\webjars\bowergithub\vaadin\vaadin-notification\1.4.0\vaadin-notification-1.4.0.jar;C:\Users\KRZYŚ\.m2\repository\com\vaadin\vaadin-app-layout-flow\2.0.5\vaadin-app-layout-flow-2.0.5.jar;C:\Users\KRZYŚ\.m2\repository\org\webjars\bowergithub\vaadin\vaadin-app-layout\2.0.5\vaadin-app-layout-2.0.5.jar;C:\Users\KRZYŚ\.m2\repository\com\vaadin\vaadin-context-menu-flow\3.1.2\vaadin-context-menu-flow-3.1.2.jar;C:\Users\KRZYŚ\.m2\repository\org\webjars\bowergithub\vaadin\vaadin-context-menu\4.3.15\vaadin-context-menu-4.3.15.jar;C:\Users\KRZYŚ\.m2\repository\com\vaadin\vaadin-menu-bar-flow\1.0.2\vaadin-menu-bar-flow-1.0.2.jar;C:\Users\KRZYŚ\.m2\repository\org\webjars\bowergithub\vaadin\vaadin-menu-bar\1.0.3\vaadin-menu-bar-1.0.3.jar;"/>
    <property name="sun.cpu.endian" value="little"/>
    <property name="user.home" value="C:\Users\KRZYŚ"/>
    <property name="user.language" value="pl"/>
    <property name="java.specification.vendor" value="Oracle Corporation"/>
    <property name="java.home" value="C:\Program Files\Java\jdk1.8.0_212\jre"/>
    <property name="basedir" value="D:\Projekty_Intellij\!!!!PSS\diet"/>
    <property name="file.separator" value="\"/>
    <property name="line.separator" value="&#10;"/>
    <property name="java.vm.specification.vendor" value="Oracle Corporation"/>
    <property name="java.specification.name" value="Java Platform API Specification"/>
    <property name="java.awt.graphicsenv" value="sun.awt.Win32GraphicsEnvironment"/>
    <property name="surefire.real.class.path" value="C:\Users\KRZY~1\AppData\Local\Temp\surefire8800372432688878176\surefirebooter4205501115396860081.jar"/>
    <property name="sun.boot.class.path" value="C:\Program Files\Java\jdk1.8.0_212\jre\lib\resources.jar;C:\Program Files\Java\jdk1.8.0_212\jre\lib\rt.jar;C:\Program Files\Java\jdk1.8.0_212\jre\lib\sunrsasign.jar;C:\Program Files\Java\jdk1.8.0_212\jre\lib\jsse.jar;C:\Program Files\Java\jdk1.8.0_212\jre\lib\jce.jar;C:\Program Files\Java\jdk1.8.0_212\jre\lib\charsets.jar;C:\Program Files\Java\jdk1.8.0_212\jre\lib\jfr.jar;C:\Program Files\Java\jdk1.8.0_212\jre\classes"/>
    <property name="user.script" value=""/>
    <property name="sun.management.compiler" value="HotSpot 64-Bit Tiered Compilers"/>
    <property name="java.runtime.version" value="1.8.0_212-b10"/>
    <property name="user.name" value="KRZYŚ"/>
    <property name="path.separator" value=";"/>
    <property name="os.version" value="6.3"/>
    <property name="java.endorsed.dirs" value="C:\Program Files\Java\jdk1.8.0_212\jre\lib\endorsed"/>
    <property name="java.runtime.name" value="Java(TM) SE Runtime Environment"/>
    <property name="file.encoding" value="Cp1250"/>
    <property name="java.vm.name" value="Java HotSpot(TM) 64-Bit Server VM"/>
    <property name="localRepository" value="C:\Users\KRZYŚ\.m2\repository"/>
    <property name="java.vendor.url.bug" value="http://bugreport.sun.com/bugreport/"/>
    <property name="java.io.tmpdir" value="C:\Users\KRZY~1\AppData\Local\Temp\"/>
    <property name="java.version" value="1.8.0_212"/>
    <property name="user.dir" value="D:\Projekty_Intellij\!!!!PSS\diet"/>
    <property name="os.arch" value="amd64"/>
    <property name="java.vm.specification.name" value="Java Virtual Machine Specification"/>
    <property name="java.awt.printerjob" value="sun.awt.windows.WPrinterJob"/>
    <property name="idea.version2019.1.3" value="true"/>
    <property name="sun.os.patch.level" value=""/>
    <property name="java.library.path" value="C:\Program Files\Java\jdk1.8.0_212\jre\bin;C:\WINDOWS\Sun\Java\bin;C:\WINDOWS\system32;C:\WINDOWS;C:\Program Files (x86)\Common Files\Oracle\Java\javapath;C:\Program Files (x86)\NVIDIA Corporation\PhysX\Common;C:\Program Files (x86)\Intel\iCLS Client\;C:\Program Files\Intel\iCLS Client\;C:\WINDOWS\system32;C:\WINDOWS;C:\WINDOWS\System32\Wbem;C:\WINDOWS\System32\WindowsPowerShell\v1.0\;C:\Program Files\Intel\Intel(R) Management Engine Components\DAL;C:\Program Files\Intel\Intel(R) Management Engine Components\IPT;C:\Program Files (x86)\Intel\Intel(R) Management Engine Components\DAL;C:\Program Files (x86)\Intel\Intel(R) Management Engine Components\IPT;C:\Program Files (x86)\Intel\OpenCL SDK\2.0\bin\x86;C:\Program Files (x86)\Intel\OpenCL SDK\2.0\bin\x64;C:\Program Files (x86)\Windows Live\Shared;C:\Program Files\Microsoft SQL Server\130\Tools\Binn\;C:\Program Files\Git\cmd;C:\Program Files\nodejs\;C:\Program Files\MySQL\MySQL Shell 8.0\bin\;C:\Users\KRZYŚ\AppData\Roaming\npm;."/>
    <property name="java.vm.info" value="mixed mode"/>
    <property name="java.vendor" value="Oracle Corporation"/>
    <property name="java.vm.version" value="25.212-b10"/>
    <property name="java.ext.dirs" value="C:\Program Files\Java\jdk1.8.0_212\jre\lib\ext;C:\WINDOWS\Sun\Java\lib\ext"/>
    <property name="sun.io.unicode.encoding" value="UnicodeLittle"/>
    <property name="java.class.version" value="52.0"/>
  </properties>
  <testcase name="contextLoads" classname="com.example.diet.DietApplicationTests" time="0.156"/>
</testsuite>